<?xml version="1.0" encoding="UTF-8"?>
<!-- Generated by org.testng.reporters.JUnitXMLReporter -->
<testsuite ignored="0" hostname="Sentinel" failures="0" tests="5" name="TutorialsNinjaAutomationTest" time="30.368" errors="0" timestamp="2025-01-19T18:23:48 IST">
  <testcase classname="com.tutorialsninja.qa.testcases.Register" name="verifyRegisteringAnAccountWithMandatoryFields" time="1.841"/>
  <testcase classname="com.tutorialsninja.qa.testcases.Login" name="verifyLoginWithValidCredentiols" time="1.697"/>
  <testcase classname="com.tutorialsninja.qa.testcases.Login" name="verifyLoginWithInvalidEmail" time="1.143"/>
  <testcase classname="com.tutorialsninja.qa.testcases.Login" name="verifyLoginWithInvalidCredentials" time="1.081"/>
  <testcase classname="com.tutorialsninja.qa.testcases.Search" name="verifyValidSearch" time="0.675"/>
</testsuite> <!-- TutorialsNinjaAutomationTest -->
