<?xml version="1.0" encoding="UTF-8"?>
<!-- Generated by org.testng.reporters.JUnitXMLReporter -->
<testsuite ignored="0" hostname="AP-HYB-jLc1JClc" failures="0" tests="5" name="TutorialsNinjaAutomationTest" time="29.279" errors="0" timestamp="2025-01-23T22:27:54 IST">
  <testcase classname="com.tutorialsninja.qa.testcases.Register" name="verifyClickingWithIncompleteForm" time="0.681"/>
  <testcase classname="com.tutorialsninja.qa.testcases.Login" name="verifyLoginWithValidCredentiols" time="1.104"/>
  <testcase classname="com.tutorialsninja.qa.testcases.Login" name="verifyLoginWithInvalidEmail" time="1.15"/>
  <testcase classname="com.tutorialsninja.qa.testcases.Login" name="verifyLoginWithInvalidCredentials" time="0.919"/>
  <testcase classname="com.tutorialsninja.qa.testcases.Search" name="verifyValidSearch" time="0.626"/>
</testsuite> <!-- TutorialsNinjaAutomationTest -->
